<?xml version="1.0" encoding="UTF-8"?>
<!-- Generated by org.testng.reporters.JUnitReportReporter -->
<testsuite hostname="Arunachelam" failures="0" tests="1" name="test.AddingProducts" time="45.308" errors="0" timestamp="2023-01-28T15:23:18 IST" skipped="0">
  <testcase classname="test.AddingProducts" name="morecarts" time="45.308"/>
  <system-out/>
</testsuite> <!-- test.AddingProducts -->
