<?xml version="1.0" encoding="UTF-8"?>
<!-- Generated by org.testng.reporters.JUnitReportReporter -->
<testsuite hostname="Arunachelam" failures="0" tests="1" name="test.Login" time="26.267" errors="0" timestamp="2023-01-29T01:15:25 IST" skipped="0">
  <testcase classname="test.Login" name="addcart" time="26.267"/>
  <system-out/>
</testsuite> <!-- test.Login -->
