<?xml version="1.0" encoding="UTF-8"?>
<!-- Generated by org.testng.reporters.JUnitReportReporter -->
<testsuite hostname="Arunachelam" failures="0" tests="1" name="test.TestScript" time="24.784" errors="0" timestamp="2023-01-29T18:02:32 IST" skipped="0">
  <testcase classname="test.TestScript" name="addcart" time="24.784"/>
  <system-out/>
</testsuite> <!-- test.TestScript -->
