<?xml version="1.0" encoding="UTF-8"?>
<!-- Generated by org.testng.reporters.JUnitReportReporter -->
<testsuite hostname="Arunachelam" failures="0" tests="3" name="test.Search_Product" time="64.577" errors="0" timestamp="2023-02-04T18:29:49 IST" skipped="0">
  <testcase classname="test.Search_Product" name="producttest" time="24.541"/>
  <system-out/>
  <testcase classname="test.Search_Product" name="producttest" time="19.570"/>
  <system-out/>
  <testcase classname="test.Search_Product" name="producttest" time="20.466"/>
  <system-out/>
</testsuite> <!-- test.Search_Product -->
